<<<<<<< HEAD
c:\users\admin\desktop\sdk\splashscreen1\debug\vc141.pdb
c:\users\admin\desktop\sdk\splashscreen1\debug\vc141.idb
c:\users\admin\desktop\sdk\splashscreen1\debug\splashscreen.obj
c:\users\admin\desktop\sdk\splashscreen\debug\vc141.pdb
c:\users\admin\desktop\sdk\splashscreen\debug\vc141.idb
c:\users\admin\desktop\sdk\splashscreen\debug\splashscreen.obj
c:\users\admin\desktop\sdk\splashscreen1\debug\splashscreen.exe
c:\users\admin\desktop\sdk\splashscreen1\debug\splashscreen.ilk
c:\users\admin\desktop\sdk\splashscreen1\debug\splashscreen.pdb
c:\users\admin\desktop\sdk\splashscreen\debug\splashscreen.exe
c:\users\admin\desktop\sdk\splashscreen\debug\splashscreen.ilk
c:\users\admin\desktop\sdk\splashscreen\debug\splashscreen.pdb
c:\users\admin\desktop\sdk\splashscreen1\debug\splashscreen.res
c:\users\admin\desktop\sdk\splashscreen\debug\splashscreen.res
c:\users\admin\desktop\sdk\splashscreen\debug\splashscreen.tlog\cl.command.1.tlog
c:\users\admin\desktop\sdk\splashscreen\debug\splashscreen.tlog\cl.read.1.tlog
c:\users\admin\desktop\sdk\splashscreen\debug\splashscreen.tlog\cl.write.1.tlog
c:\users\admin\desktop\sdk\splashscreen\debug\splashscreen.tlog\link.command.1.tlog
c:\users\admin\desktop\sdk\splashscreen\debug\splashscreen.tlog\link.read.1.tlog
c:\users\admin\desktop\sdk\splashscreen\debug\splashscreen.tlog\link.write.1.tlog
c:\users\admin\desktop\sdk\splashscreen\debug\splashscreen.tlog\rc.command.1.tlog
c:\users\admin\desktop\sdk\splashscreen\debug\splashscreen.tlog\rc.read.1.tlog
c:\users\admin\desktop\sdk\splashscreen\debug\splashscreen.tlog\rc.write.1.tlog
=======
c:\users\admin\desktop\sdk\splashscreen1\debug\vc141.pdb
c:\users\admin\desktop\sdk\splashscreen1\debug\vc141.idb
c:\users\admin\desktop\sdk\splashscreen1\debug\splashscreen.obj
c:\users\admin\desktop\sdk\splashscreen\debug\vc141.pdb
c:\users\admin\desktop\sdk\splashscreen\debug\vc141.idb
c:\users\admin\desktop\sdk\splashscreen\debug\splashscreen.obj
c:\users\admin\desktop\sdk\splashscreen1\debug\splashscreen.exe
c:\users\admin\desktop\sdk\splashscreen1\debug\splashscreen.ilk
c:\users\admin\desktop\sdk\splashscreen1\debug\splashscreen.pdb
c:\users\admin\desktop\sdk\splashscreen\debug\splashscreen.exe
c:\users\admin\desktop\sdk\splashscreen\debug\splashscreen.ilk
c:\users\admin\desktop\sdk\splashscreen\debug\splashscreen.pdb
c:\users\admin\desktop\sdk\splashscreen1\debug\splashscreen.res
c:\users\admin\desktop\sdk\splashscreen\debug\splashscreen.res
c:\users\admin\desktop\sdk\splashscreen\debug\splashscreen.tlog\cl.command.1.tlog
c:\users\admin\desktop\sdk\splashscreen\debug\splashscreen.tlog\cl.read.1.tlog
c:\users\admin\desktop\sdk\splashscreen\debug\splashscreen.tlog\cl.write.1.tlog
c:\users\admin\desktop\sdk\splashscreen\debug\splashscreen.tlog\link.command.1.tlog
c:\users\admin\desktop\sdk\splashscreen\debug\splashscreen.tlog\link.read.1.tlog
c:\users\admin\desktop\sdk\splashscreen\debug\splashscreen.tlog\link.write.1.tlog
c:\users\admin\desktop\sdk\splashscreen\debug\splashscreen.tlog\rc.command.1.tlog
c:\users\admin\desktop\sdk\splashscreen\debug\splashscreen.tlog\rc.read.1.tlog
c:\users\admin\desktop\sdk\splashscreen\debug\splashscreen.tlog\rc.write.1.tlog
>>>>>>> 6d5d492c3781cdc9f4a1939a006d19f4ffda58f0
